# JRE version: Java(TM) SE Runtime Environment (8.0_144-b01) (build 1.8.0_144-b01)
# Java VM: Java HotSpot(TM) 64-Bit Server VM (25.144-b01 mixed mode bsd-amd64 compressed oops)
Heap:
 PSYoungGen      total 272896K, used 26796K [0x00000007aab00000, 0x00000007c0000000, 0x00000007c0000000)
  eden space 262144K, 6% used [0x00000007aab00000,0x00000007abab0f98,0x00000007bab00000)
  from space 10752K, 99% used [0x00000007bab00000,0x00000007bb57a0e8,0x00000007bb580000)
  to   space 61952K, 0% used [0x00000007bc380000,0x00000007bc380000,0x00000007c0000000)
 ParOldGen       total 175104K, used 103002K [0x0000000780000000, 0x000000078ab00000, 0x00000007aab00000)
  object space 175104K, 58% used [0x0000000780000000,0x00000007864968d8,0x000000078ab00000)
 Metaspace       used 13826K, capacity 13942K, committed 14208K, reserved 1060864K
  class space    used 1774K, capacity 1813K, committed 1920K, reserved 1048576K
GC Heap History (10 events):
Event: 0.872 GC heap before
{Heap before GC invocations=1 (full 0):
 PSYoungGen      total 76288K, used 65536K [0x00000007aab00000, 0x00000007b0000000, 0x00000007c0000000)
  eden space 65536K, 100% used [0x00000007aab00000,0x00000007aeb00000,0x00000007aeb00000)
  from space 10752K, 0% used [0x00000007af580000,0x00000007af580000,0x00000007b0000000)
  to   space 10752K, 0% used [0x00000007aeb00000,0x00000007aeb00000,0x00000007af580000)
 ParOldGen       total 175104K, used 0K [0x0000000780000000, 0x000000078ab00000, 0x00000007aab00000)
  object space 175104K, 0% used [0x0000000780000000,0x0000000780000000,0x000000078ab00000)
 Metaspace       used 9978K, capacity 10156K, committed 10368K, reserved 1058816K
  class space    used 1298K, capacity 1363K, committed 1408K, reserved 1048576K
Event: 0.885 GC heap after
Heap after GC invocations=1 (full 0):
 PSYoungGen      total 76288K, used 10720K [0x00000007aab00000, 0x00000007b4000000, 0x00000007c0000000)
  eden space 65536K, 0% used [0x00000007aab00000,0x00000007aab00000,0x00000007aeb00000)
  from space 10752K, 99% used [0x00000007aeb00000,0x00000007af578350,0x00000007af580000)
  to   space 10752K, 0% used [0x00000007b3580000,0x00000007b3580000,0x00000007b4000000)
 ParOldGen       total 175104K, used 93K [0x0000000780000000, 0x000000078ab00000, 0x00000007aab00000)
  object space 175104K, 0% used [0x0000000780000000,0x0000000780017500,0x000000078ab00000)
 Metaspace       used 9978K, capacity 10156K, committed 10368K, reserved 1058816K
  class space    used 1298K, capacity 1363K, committed 1408K, reserved 1048576K
}
Event: 1.035 GC heap before
{Heap before GC invocations=2 (full 0):
 PSYoungGen      total 76288K, used 76256K [0x00000007aab00000, 0x00000007b4000000, 0x00000007c0000000)
  eden space 65536K, 100% used [0x00000007aab00000,0x00000007aeb00000,0x00000007aeb00000)
  from space 10752K, 99% used [0x00000007aeb00000,0x00000007af578350,0x00000007af580000)
  to   space 10752K, 0% used [0x00000007b3580000,0x00000007b3580000,0x00000007b4000000)
 ParOldGen       total 175104K, used 93K [0x0000000780000000, 0x000000078ab00000, 0x00000007aab00000)
  object space 175104K, 0% used [0x0000000780000000,0x0000000780017500,0x000000078ab00000)
 Metaspace       used 10007K, capacity 10156K, committed 10368K, reserved 1058816K
  class space    used 1301K, capacity 1363K, committed 1408K, reserved 1048576K
Event: 1.052 GC heap after
Heap after GC invocations=2 (full 0):
 PSYoungGen      total 141824K, used 10741K [0x00000007aab00000, 0x00000007b4000000, 0x00000007c0000000)
  eden space 131072K, 0% used [0x00000007aab00000,0x00000007aab00000,0x00000007b2b00000)
  from space 10752K, 99% used [0x00000007b3580000,0x00000007b3ffd500,0x00000007b4000000)
  to   space 10752K, 0% used [0x00000007b2b00000,0x00000007b2b00000,0x00000007b3580000)
 ParOldGen       total 175104K, used 10343K [0x0000000780000000, 0x000000078ab00000, 0x00000007aab00000)
  object space 175104K, 5% used [0x0000000780000000,0x0000000780a19d50,0x000000078ab00000)
 Metaspace       used 10007K, capacity 10156K, committed 10368K, reserved 1058816K
  class space    used 1301K, capacity 1363K, committed 1408K, reserved 1048576K
}
Event: 1.388 GC heap before
{Heap before GC invocations=3 (full 0):
 PSYoungGen      total 141824K, used 141813K [0x00000007aab00000, 0x00000007b4000000, 0x00000007c0000000)
  eden space 131072K, 100% used [0x00000007aab00000,0x00000007b2b00000,0x00000007b2b00000)
  from space 10752K, 99% used [0x00000007b3580000,0x00000007b3ffd500,0x00000007b4000000)
  to   space 10752K, 0% used [0x00000007b2b00000,0x00000007b2b00000,0x00000007b3580000)
 ParOldGen       total 175104K, used 10343K [0x0000000780000000, 0x000000078ab00000, 0x00000007aab00000)
  object space 175104K, 5% used [0x0000000780000000,0x0000000780a19d50,0x000000078ab00000)
 Metaspace       used 10050K, capacity 10156K, committed 10368K, reserved 1058816K
  class space    used 1303K, capacity 1363K, committed 1408K, reserved 1048576K
Event: 1.434 GC heap after
Heap after GC invocations=3 (full 0):
 PSYoungGen      total 141824K, used 10728K [0x00000007aab00000, 0x00000007bc000000, 0x00000007c0000000)
  eden space 131072K, 0% used [0x00000007aab00000,0x00000007aab00000,0x00000007b2b00000)
  from space 10752K, 99% used [0x00000007b2b00000,0x00000007b357a220,0x00000007b3580000)
  to   space 10752K, 0% used [0x00000007bb580000,0x00000007bb580000,0x00000007bc000000)
 ParOldGen       total 175104K, used 35349K [0x0000000780000000, 0x000000078ab00000, 0x00000007aab00000)
  object space 175104K, 20% used [0x0000000780000000,0x00000007822857c0,0x000000078ab00000)
 Metaspace       used 10050K, capacity 10156K, committed 10368K, reserved 1058816K
  class space    used 1303K, capacity 1363K, committed 1408K, reserved 1048576K
}
Event: 1.976 GC heap before
{Heap before GC invocations=4 (full 0):
 PSYoungGen      total 141824K, used 141800K [0x00000007aab00000, 0x00000007bc000000, 0x00000007c0000000)
  eden space 131072K, 100% used [0x00000007aab00000,0x00000007b2b00000,0x00000007b2b00000)
  from space 10752K, 99% used [0x00000007b2b00000,0x00000007b357a220,0x00000007b3580000)
  to   space 10752K, 0% used [0x00000007bb580000,0x00000007bb580000,0x00000007bc000000)
 ParOldGen       total 175104K, used 35349K [0x0000000780000000, 0x000000078ab00000, 0x00000007aab00000)
  object space 175104K, 20% used [0x0000000780000000,0x00000007822857c0,0x000000078ab00000)
 Metaspace       used 10419K, capacity 10582K, committed 10624K, reserved 1058816K
  class space    used 1336K, capacity 1397K, committed 1408K, reserved 1048576K
Event: 2.021 GC heap after
Heap after GC invocations=4 (full 0):
 PSYoungGen      total 272896K, used 10748K [0x00000007aab00000, 0x00000007bc000000, 0x00000007c0000000)
  eden space 262144K, 0% used [0x00000007aab00000,0x00000007aab00000,0x00000007bab00000)
  from space 10752K, 99% used [0x00000007bb580000,0x00000007bbfff178,0x00000007bc000000)
  to   space 10752K, 0% used [0x00000007bab00000,0x00000007bab00000,0x00000007bb580000)
 ParOldGen       total 175104K, used 59914K [0x0000000780000000, 0x000000078ab00000, 0x00000007aab00000)
  object space 175104K, 34% used [0x0000000780000000,0x0000000783a82818,0x000000078ab00000)
 Metaspace       used 10419K, capacity 10582K, committed 10624K, reserved 1058816K
  class space    used 1336K, capacity 1397K, committed 1408K, reserved 1048576K
}
Event: 2.916 GC heap before
{Heap before GC invocations=5 (full 0):
 PSYoungGen      total 272896K, used 272892K [0x00000007aab00000, 0x00000007bc000000, 0x00000007c0000000)
  eden space 262144K, 100% used [0x00000007aab00000,0x00000007bab00000,0x00000007bab00000)
  from space 10752K, 99% used [0x00000007bb580000,0x00000007bbfff178,0x00000007bc000000)
  to   space 10752K, 0% used [0x00000007bab00000,0x00000007bab00000,0x00000007bb580000)
 ParOldGen       total 175104K, used 59914K [0x0000000780000000, 0x000000078ab00000, 0x00000007aab00000)
  object space 175104K, 34% used [0x0000000780000000,0x0000000783a82818,0x000000078ab00000)
 Metaspace       used 12055K, capacity 12150K, committed 12416K, reserved 1060864K
  class space    used 1580K, capacity 1621K, committed 1664K, reserved 1048576K
Event: 3.016 GC heap after
Heap after GC invocations=5 (full 0):
 PSYoungGen      total 272896K, used 10728K [0x00000007aab00000, 0x00000007c0000000, 0x00000007c0000000)
  eden space 262144K, 0% used [0x00000007aab00000,0x00000007aab00000,0x00000007bab00000)
  from space 10752K, 99% used [0x00000007bab00000,0x00000007bb57a0e8,0x00000007bb580000)
  to   space 61952K, 0% used [0x00000007bc380000,0x00000007bc380000,0x00000007c0000000)
 ParOldGen       total 175104K, used 103002K [0x0000000780000000, 0x000000078ab00000, 0x00000007aab00000)
  object space 175104K, 58% used [0x0000000780000000,0x00000007864968d8,0x000000078ab00000)
 Metaspace       used 12055K, capacity 12150K, committed 12416K, reserved 1060864K
  class space    used 1580K, capacity 1621K, committed 1664K, reserved 1048576K
}

